<?xml version="1.0" encoding="UTF-8"?>
<!-- Generated by org.testng.reporters.JUnitXMLReporter -->
<testsuite ignored="0" hostname="TRPL-PUN-0115" failures="0" tests="70" name="Default test" time="36.572" errors="0" timestamp="2025-05-22T11:17:57 IST">
  <testcase classname="CriticalTestCases.CFOlogin" name="@BeforeMethod Login" time="35.765">
    <failure type="org.openqa.selenium.NoSuchElementException" message="no such element: Unable to locate element: {&amp;quot;method&amp;quot;:&amp;quot;xpath&amp;quot;,&amp;quot;selector&amp;quot;:&amp;quot;//input[@placeholder=&amp;apos;Username&amp;apos;]&amp;quot;}
  (Session info: chrome=136.0.7103.114)
For documentation on this error, please visit: http://seleniumhq.org/exceptions/no_such_element.html
Build info: version: &amp;apos;3.141.0&amp;apos;, revision: &amp;apos;2ecb7d9a&amp;apos;, time: &amp;apos;2018-10-31T20:09:30&amp;apos;
System info: host: &amp;apos;TRPL-PUN-0115&amp;apos;, ip: &amp;apos;192.168.1.38&amp;apos;, os.name: &amp;apos;Windows 10&amp;apos;, os.arch: &amp;apos;amd64&amp;apos;, os.version: &amp;apos;10.0&amp;apos;, java.version: &amp;apos;23.0.2&amp;apos;
Driver info: org.openqa.selenium.chrome.ChromeDriver
Capabilities {acceptInsecureCerts: false, browserName: chrome, browserVersion: 136.0.7103.114, chrome: {chromedriverVersion: 136.0.7103.94 (fa0be0b33deb..., userDataDir: C:\Users\snehalp\AppData\Lo...}, fedcm:accounts: true, goog:chromeOptions: {debuggerAddress: localhost:53993}, javascriptEnabled: true, networkConnectionEnabled: false, pageLoadStrategy: normal, platform: WINDOWS, platformName: WINDOWS, proxy: Proxy(), setWindowRect: true, strictFileInteractability: false, timeouts: {implicit: 0, pageLoad: 300000, script: 30000}, unhandledPromptBehavior: dismiss and notify, webauthn:extension:credBlob: true, webauthn:extension:largeBlob: true, webauthn:extension:minPinLength: true, webauthn:extension:prf: true, webauthn:virtualAuthenticators: true}
Session ID: c9301d3c8287c669479ead1dc259996f
*** Element info: {Using=xpath, value=//input[@placeholder=&amp;apos;Username&amp;apos;]}">
      <![CDATA[org.openqa.selenium.NoSuchElementException: no such element: Unable to locate element: {"method":"xpath","selector":"//input[@placeholder='Username']"}
  (Session info: chrome=136.0.7103.114)
For documentation on this error, please visit: http://seleniumhq.org/exceptions/no_such_element.html
Build info: version: '3.141.0', revision: '2ecb7d9a', time: '2018-10-31T20:09:30'
System info: host: 'TRPL-PUN-0115', ip: '192.168.1.38', os.name: 'Windows 10', os.arch: 'amd64', os.version: '10.0', java.version: '23.0.2'
Driver info: org.openqa.selenium.chrome.ChromeDriver
Capabilities {acceptInsecureCerts: false, browserName: chrome, browserVersion: 136.0.7103.114, chrome: {chromedriverVersion: 136.0.7103.94 (fa0be0b33deb..., userDataDir: C:\Users\snehalp\AppData\Lo...}, fedcm:accounts: true, goog:chromeOptions: {debuggerAddress: localhost:53993}, javascriptEnabled: true, networkConnectionEnabled: false, pageLoadStrategy: normal, platform: WINDOWS, platformName: WINDOWS, proxy: Proxy(), setWindowRect: true, strictFileInteractability: false, timeouts: {implicit: 0, pageLoad: 300000, script: 30000}, unhandledPromptBehavior: dismiss and notify, webauthn:extension:credBlob: true, webauthn:extension:largeBlob: true, webauthn:extension:minPinLength: true, webauthn:extension:prf: true, webauthn:virtualAuthenticators: true}
Session ID: c9301d3c8287c669479ead1dc259996f
*** Element info: {Using=xpath, value=//input[@placeholder='Username']}
at java.base/jdk.internal.reflect.DirectConstructorHandleAccessor.newInstance(DirectConstructorHandleAccessor.java:62)
at java.base/java.lang.reflect.Constructor.newInstanceWithCaller(Constructor.java:501)
at java.base/java.lang.reflect.Constructor.newInstance(Constructor.java:485)
at org.openqa.selenium.remote.http.W3CHttpResponseCodec.createException(W3CHttpResponseCodec.java:187)
at org.openqa.selenium.remote.http.W3CHttpResponseCodec.decode(W3CHttpResponseCodec.java:122)
at org.openqa.selenium.remote.http.W3CHttpResponseCodec.decode(W3CHttpResponseCodec.java:49)
at org.openqa.selenium.remote.HttpCommandExecutor.execute(HttpCommandExecutor.java:158)
at org.openqa.selenium.remote.service.DriverCommandExecutor.execute(DriverCommandExecutor.java:83)
at org.openqa.selenium.remote.RemoteWebDriver.execute(RemoteWebDriver.java:552)
at org.openqa.selenium.remote.RemoteWebDriver.findElement(RemoteWebDriver.java:323)
at org.openqa.selenium.remote.RemoteWebDriver.findElementByXPath(RemoteWebDriver.java:428)
at org.openqa.selenium.By$ByXPath.findElement(By.java:353)
at org.openqa.selenium.remote.RemoteWebDriver.findElement(RemoteWebDriver.java:315)
at login.LoginPOM.setUname(LoginPOM.java:22)
at login.Login.UserLogin(Login.java:113)
at login.BasePage.initialization(BasePage.java:181)
at CriticalTestCases.CFOlogin.Login(CFOlogin.java:75)
at java.base/jdk.internal.reflect.DirectMethodHandleAccessor.invoke(DirectMethodHandleAccessor.java:103)
at java.base/java.lang.reflect.Method.invoke(Method.java:580)
at org.testng.internal.MethodInvocationHelper.invokeMethod(MethodInvocationHelper.java:133)
at org.testng.internal.MethodInvocationHelper.invokeMethodConsideringTimeout(MethodInvocationHelper.java:62)
at org.testng.internal.ConfigInvoker.invokeConfigurationMethod(ConfigInvoker.java:385)
at org.testng.internal.ConfigInvoker.invokeConfigurations(ConfigInvoker.java:321)
at org.testng.internal.TestInvoker.runConfigMethods(TestInvoker.java:700)
at org.testng.internal.TestInvoker.invokeMethod(TestInvoker.java:527)
at org.testng.internal.TestInvoker.invokeTestMethod(TestInvoker.java:173)
at org.testng.internal.MethodRunner.runInSequence(MethodRunner.java:46)
at org.testng.internal.TestInvoker$MethodInvocationAgent.invoke(TestInvoker.java:824)
at org.testng.internal.TestInvoker.invokeTestMethods(TestInvoker.java:146)
at org.testng.internal.TestMethodWorker.invokeTestMethods(TestMethodWorker.java:146)
at org.testng.internal.TestMethodWorker.run(TestMethodWorker.java:128)
at java.base/java.util.ArrayList.forEach(ArrayList.java:1597)
at org.testng.TestRunner.privateRun(TestRunner.java:794)
at org.testng.TestRunner.run(TestRunner.java:596)
at org.testng.SuiteRunner.runTest(SuiteRunner.java:377)
at org.testng.SuiteRunner.runSequentially(SuiteRunner.java:371)
at org.testng.SuiteRunner.privateRun(SuiteRunner.java:332)
at org.testng.SuiteRunner.run(SuiteRunner.java:276)
at org.testng.SuiteRunnerWorker.runSuite(SuiteRunnerWorker.java:53)
at org.testng.SuiteRunnerWorker.run(SuiteRunnerWorker.java:96)
at org.testng.TestNG.runSuitesSequentially(TestNG.java:1212)
at org.testng.TestNG.runSuitesLocally(TestNG.java:1134)
at org.testng.TestNG.runSuites(TestNG.java:1063)
at org.testng.TestNG.run(TestNG.java:1031)
at org.testng.remote.AbstractRemoteTestNG.run(AbstractRemoteTestNG.java:115)
at org.testng.remote.RemoteTestNG.initAndRun(RemoteTestNG.java:293)
at org.testng.remote.RemoteTestNG.main(RemoteTestNG.java:91)
]]>
    </failure>
  </testcase> <!-- @BeforeMethod Login -->
  <testcase classname="CriticalTestCases.CFOlogin" name="@AfterMethod Close" time="-1.747892877227E9">
    <skipped/>
  </testcase> <!-- @AfterMethod Close -->
  <testcase classname="CriticalTestCases.CFOlogin" name="@BeforeMethod Login" time="-1.747892877231E9">
    <skipped/>
  </testcase> <!-- @BeforeMethod Login -->
  <testcase classname="CriticalTestCases.CFOlogin" name="@AfterMethod Close" time="-1.747892877236E9">
    <skipped/>
  </testcase> <!-- @AfterMethod Close -->
  <testcase classname="CriticalTestCases.CFOlogin" name="@BeforeMethod Login" time="-1.747892877237E9">
    <skipped/>
  </testcase> <!-- @BeforeMethod Login -->
  <testcase classname="CriticalTestCases.CFOlogin" name="@AfterMethod Close" time="-1.74789287724E9">
    <skipped/>
  </testcase> <!-- @AfterMethod Close -->
  <testcase classname="CriticalTestCases.CFOlogin" name="@BeforeMethod Login" time="-1.747892877242E9">
    <skipped/>
  </testcase> <!-- @BeforeMethod Login -->
  <testcase classname="CriticalTestCases.CFOlogin" name="@AfterMethod Close" time="-1.747892877246E9">
    <skipped/>
  </testcase> <!-- @AfterMethod Close -->
  <testcase classname="CriticalTestCases.CFOlogin" name="@BeforeMethod Login" time="-1.747892877248E9">
    <skipped/>
  </testcase> <!-- @BeforeMethod Login -->
  <testcase classname="CriticalTestCases.CFOlogin" name="@AfterMethod Close" time="-1.747892877253E9">
    <skipped/>
  </testcase> <!-- @AfterMethod Close -->
  <testcase classname="CriticalTestCases.CFOlogin" name="@BeforeMethod Login" time="-1.747892877254E9">
    <skipped/>
  </testcase> <!-- @BeforeMethod Login -->
  <testcase classname="CriticalTestCases.CFOlogin" name="@AfterMethod Close" time="-1.747892877259E9">
    <skipped/>
  </testcase> <!-- @AfterMethod Close -->
  <testcase classname="CriticalTestCases.CFOlogin" name="@BeforeMethod Login" time="-1.74789287726E9">
    <skipped/>
  </testcase> <!-- @BeforeMethod Login -->
  <testcase classname="CriticalTestCases.CFOlogin" name="@AfterMethod Close" time="-1.747892877264E9">
    <skipped/>
  </testcase> <!-- @AfterMethod Close -->
  <testcase classname="CriticalTestCases.CFOlogin" name="@BeforeMethod Login" time="-1.747892877266E9">
    <skipped/>
  </testcase> <!-- @BeforeMethod Login -->
  <testcase classname="CriticalTestCases.CFOlogin" name="@AfterMethod Close" time="-1.74789287727E9">
    <skipped/>
  </testcase> <!-- @AfterMethod Close -->
  <testcase classname="CriticalTestCases.CFOlogin" name="@BeforeMethod Login" time="-1.747892877272E9">
    <skipped/>
  </testcase> <!-- @BeforeMethod Login -->
  <testcase classname="CriticalTestCases.CFOlogin" name="@AfterMethod Close" time="-1.747892877276E9">
    <skipped/>
  </testcase> <!-- @AfterMethod Close -->
  <testcase classname="CriticalTestCases.CFOlogin" name="@BeforeMethod Login" time="-1.747892877277E9">
    <skipped/>
  </testcase> <!-- @BeforeMethod Login -->
  <testcase classname="CriticalTestCases.CFOlogin" name="@AfterMethod Close" time="-1.747892877282E9">
    <skipped/>
  </testcase> <!-- @AfterMethod Close -->
  <testcase classname="CriticalTestCases.CFOlogin" name="@BeforeMethod Login" time="-1.747892877283E9">
    <skipped/>
  </testcase> <!-- @BeforeMethod Login -->
  <testcase classname="CriticalTestCases.CFOlogin" name="@AfterMethod Close" time="-1.747892877289E9">
    <skipped/>
  </testcase> <!-- @AfterMethod Close -->
  <testcase classname="CriticalTestCases.CFOlogin" name="@BeforeMethod Login" time="-1.747892877291E9">
    <skipped/>
  </testcase> <!-- @BeforeMethod Login -->
  <testcase classname="CriticalTestCases.CFOlogin" name="@AfterMethod Close" time="-1.747892877294E9">
    <skipped/>
  </testcase> <!-- @AfterMethod Close -->
  <testcase classname="CriticalTestCases.CFOlogin" name="@BeforeMethod Login" time="-1.747892877296E9">
    <skipped/>
  </testcase> <!-- @BeforeMethod Login -->
  <testcase classname="CriticalTestCases.CFOlogin" name="@AfterMethod Close" time="-1.7478928773E9">
    <skipped/>
  </testcase> <!-- @AfterMethod Close -->
  <testcase classname="CriticalTestCases.CFOlogin" name="@BeforeMethod Login" time="-1.747892877301E9">
    <skipped/>
  </testcase> <!-- @BeforeMethod Login -->
  <testcase classname="CriticalTestCases.CFOlogin" name="@AfterMethod Close" time="-1.747892877304E9">
    <skipped/>
  </testcase> <!-- @AfterMethod Close -->
  <testcase classname="CriticalTestCases.CFOlogin" name="@BeforeMethod Login" time="-1.747892877305E9">
    <skipped/>
  </testcase> <!-- @BeforeMethod Login -->
  <testcase classname="CriticalTestCases.CFOlogin" name="@AfterMethod Close" time="-1.747892877308E9">
    <skipped/>
  </testcase> <!-- @AfterMethod Close -->
  <testcase classname="CriticalTestCases.CFOlogin" name="@BeforeMethod Login" time="-1.747892877308E9">
    <skipped/>
  </testcase> <!-- @BeforeMethod Login -->
  <testcase classname="CriticalTestCases.CFOlogin" name="@AfterMethod Close" time="-1.74789287731E9">
    <skipped/>
  </testcase> <!-- @AfterMethod Close -->
  <testcase classname="CriticalTestCases.CFOlogin" name="@BeforeMethod Login" time="-1.747892877311E9">
    <skipped/>
  </testcase> <!-- @BeforeMethod Login -->
  <testcase classname="CriticalTestCases.CFOlogin" name="@AfterMethod Close" time="-1.747892877313E9">
    <skipped/>
  </testcase> <!-- @AfterMethod Close -->
  <testcase classname="CriticalTestCases.CFOlogin" name="@BeforeMethod Login" time="-1.747892877315E9">
    <skipped/>
  </testcase> <!-- @BeforeMethod Login -->
  <testcase classname="CriticalTestCases.CFOlogin" name="@AfterMethod Close" time="-1.747892877317E9">
    <skipped/>
  </testcase> <!-- @AfterMethod Close -->
  <testcase classname="CriticalTestCases.CFOlogin" name="@BeforeMethod Login" time="-1.747892877319E9">
    <skipped/>
  </testcase> <!-- @BeforeMethod Login -->
  <testcase classname="CriticalTestCases.CFOlogin" name="@AfterMethod Close" time="-1.747892877321E9">
    <skipped/>
  </testcase> <!-- @AfterMethod Close -->
  <testcase classname="CriticalTestCases.CFOlogin" name="@BeforeMethod Login" time="-1.747892877322E9">
    <skipped/>
  </testcase> <!-- @BeforeMethod Login -->
  <testcase classname="CriticalTestCases.CFOlogin" name="@AfterMethod Close" time="-1.747892877324E9">
    <skipped/>
  </testcase> <!-- @AfterMethod Close -->
  <testcase classname="CriticalTestCases.CFOlogin" name="@BeforeMethod Login" time="-1.747892877326E9">
    <skipped/>
  </testcase> <!-- @BeforeMethod Login -->
  <testcase classname="CriticalTestCases.CFOlogin" name="@AfterMethod Close" time="-1.747892877329E9">
    <skipped/>
  </testcase> <!-- @AfterMethod Close -->
  <testcase classname="CriticalTestCases.CFOlogin" name="@BeforeMethod Login" time="-1.74789287733E9">
    <skipped/>
  </testcase> <!-- @BeforeMethod Login -->
  <testcase classname="CriticalTestCases.CFOlogin" name="@AfterMethod Close" time="-1.747892877333E9">
    <skipped/>
  </testcase> <!-- @AfterMethod Close -->
  <testcase classname="CriticalTestCases.CFOlogin" name="@BeforeMethod Login" time="-1.747892877334E9">
    <skipped/>
  </testcase> <!-- @BeforeMethod Login -->
  <testcase classname="CriticalTestCases.CFOlogin" name="@AfterMethod Close" time="-1.747892877336E9">
    <skipped/>
  </testcase> <!-- @AfterMethod Close -->
  <testcase classname="CriticalTestCases.CFOlogin" name="@BeforeMethod Login" time="-1.747892877337E9">
    <skipped/>
  </testcase> <!-- @BeforeMethod Login -->
  <testcase classname="CriticalTestCases.CFOlogin" name="@AfterMethod Close" time="-1.74789287734E9">
    <skipped/>
  </testcase> <!-- @AfterMethod Close -->
  <testcase classname="CriticalTestCases.CFOlogin" name="@BeforeMethod Login" time="-1.747892877341E9">
    <skipped/>
  </testcase> <!-- @BeforeMethod Login -->
  <testcase classname="CriticalTestCases.CFOlogin" name="@AfterMethod Close" time="-1.747892877344E9">
    <skipped/>
  </testcase> <!-- @AfterMethod Close -->
  <testcase classname="CriticalTestCases.CFOlogin" name="@BeforeMethod Login" time="-1.747892877346E9">
    <skipped/>
  </testcase> <!-- @BeforeMethod Login -->
  <testcase classname="CriticalTestCases.CFOlogin" name="@AfterMethod Close" time="-1.747892877349E9">
    <skipped/>
  </testcase> <!-- @AfterMethod Close -->
  <testcase classname="CriticalTestCases.CFOlogin" name="@BeforeMethod Login" time="-1.74789287735E9">
    <skipped/>
  </testcase> <!-- @BeforeMethod Login -->
  <testcase classname="CriticalTestCases.CFOlogin" name="@AfterMethod Close" time="-1.747892877352E9">
    <skipped/>
  </testcase> <!-- @AfterMethod Close -->
  <testcase classname="CriticalTestCases.CFOlogin" name="@BeforeMethod Login" time="-1.747892877353E9">
    <skipped/>
  </testcase> <!-- @BeforeMethod Login -->
  <testcase classname="CriticalTestCases.CFOlogin" name="@AfterMethod Close" time="-1.747892877355E9">
    <skipped/>
  </testcase> <!-- @AfterMethod Close -->
  <testcase classname="CriticalTestCases.CFOlogin" name="@BeforeMethod Login" time="-1.747892877356E9">
    <skipped/>
  </testcase> <!-- @BeforeMethod Login -->
  <testcase classname="CriticalTestCases.CFOlogin" name="@AfterMethod Close" time="-1.747892877359E9">
    <skipped/>
  </testcase> <!-- @AfterMethod Close -->
  <testcase classname="CriticalTestCases.CFOlogin" name="@BeforeMethod Login" time="-1.74789287736E9">
    <skipped/>
  </testcase> <!-- @BeforeMethod Login -->
  <testcase classname="CriticalTestCases.CFOlogin" name="@AfterMethod Close" time="-1.747892877363E9">
    <skipped/>
  </testcase> <!-- @AfterMethod Close -->
  <testcase classname="CriticalTestCases.CFOlogin" name="@BeforeMethod Login" time="-1.747892877365E9">
    <skipped/>
  </testcase> <!-- @BeforeMethod Login -->
  <testcase classname="CriticalTestCases.CFOlogin" name="@AfterMethod Close" time="-1.747892877368E9">
    <skipped/>
  </testcase> <!-- @AfterMethod Close -->
  <testcase classname="CriticalTestCases.CFOlogin" name="@BeforeMethod Login" time="-1.747892877368E9">
    <skipped/>
  </testcase> <!-- @BeforeMethod Login -->
  <testcase classname="CriticalTestCases.CFOlogin" name="@AfterMethod Close" time="-1.747892877371E9">
    <skipped/>
  </testcase> <!-- @AfterMethod Close -->
  <testcase classname="CriticalTestCases.CFOlogin" name="@BeforeMethod Login" time="-1.747892877376E9">
    <skipped/>
  </testcase> <!-- @BeforeMethod Login -->
  <testcase classname="CriticalTestCases.CFOlogin" name="@AfterMethod Close" time="-1.747892877378E9">
    <skipped/>
  </testcase> <!-- @AfterMethod Close -->
  <testcase classname="CriticalTestCases.CFOlogin" name="@BeforeMethod Login" time="-1.74789287738E9">
    <skipped/>
  </testcase> <!-- @BeforeMethod Login -->
  <testcase classname="CriticalTestCases.CFOlogin" name="@AfterMethod Close" time="-1.747892877382E9">
    <skipped/>
  </testcase> <!-- @AfterMethod Close -->
  <testcase classname="CriticalTestCases.CFOlogin" name="@BeforeMethod Login" time="-1.747892877383E9">
    <skipped/>
  </testcase> <!-- @BeforeMethod Login -->
  <testcase classname="CriticalTestCases.CFOlogin" name="@AfterMethod Close" time="-1.747892877385E9">
    <skipped/>
  </testcase> <!-- @AfterMethod Close -->
  <testcase classname="CriticalTestCases.CFOlogin" name="@BeforeMethod Login" time="-1.747892877386E9">
    <skipped/>
  </testcase> <!-- @BeforeMethod Login -->
  <testcase classname="CriticalTestCases.CFOlogin" name="@AfterMethod Close" time="-1.747892877388E9">
    <skipped/>
  </testcase> <!-- @AfterMethod Close -->
  <testcase classname="CriticalTestCases.CFOlogin" name="@BeforeMethod Login" time="-1.747892877389E9">
    <skipped/>
  </testcase> <!-- @BeforeMethod Login -->
  <testcase classname="CriticalTestCases.CFOlogin" name="@AfterMethod Close" time="-1.747892877392E9">
    <skipped/>
  </testcase> <!-- @AfterMethod Close -->
  <testcase classname="CriticalTestCases.CFOlogin" name="@BeforeMethod Login" time="-1.747892877392E9">
    <skipped/>
  </testcase> <!-- @BeforeMethod Login -->
  <testcase classname="CriticalTestCases.CFOlogin" name="@AfterMethod Close" time="-1.747892877395E9">
    <skipped/>
  </testcase> <!-- @AfterMethod Close -->
  <testcase classname="CriticalTestCases.CFOlogin" name="@BeforeMethod Login" time="-1.747892877396E9">
    <skipped/>
  </testcase> <!-- @BeforeMethod Login -->
  <testcase classname="CriticalTestCases.CFOlogin" name="@AfterMethod Close" time="-1.747892877398E9">
    <skipped/>
  </testcase> <!-- @AfterMethod Close -->
  <testcase classname="CriticalTestCases.CFOlogin" name="@BeforeMethod Login" time="-1.747892877399E9">
    <skipped/>
  </testcase> <!-- @BeforeMethod Login -->
  <testcase classname="CriticalTestCases.CFOlogin" name="@AfterMethod Close" time="-1.747892877402E9">
    <skipped/>
  </testcase> <!-- @AfterMethod Close -->
  <testcase classname="CriticalTestCases.CFOlogin" name="@BeforeMethod Login" time="-1.747892877403E9">
    <skipped/>
  </testcase> <!-- @BeforeMethod Login -->
  <testcase classname="CriticalTestCases.CFOlogin" name="@AfterMethod Close" time="-1.747892877406E9">
    <skipped/>
  </testcase> <!-- @AfterMethod Close -->
  <testcase classname="CriticalTestCases.CFOlogin" name="@BeforeMethod Login" time="-1.747892877407E9">
    <skipped/>
  </testcase> <!-- @BeforeMethod Login -->
  <testcase classname="CriticalTestCases.CFOlogin" name="@AfterMethod Close" time="-1.74789287741E9">
    <skipped/>
  </testcase> <!-- @AfterMethod Close -->
  <testcase classname="CriticalTestCases.CFOlogin" name="@BeforeMethod Login" time="-1.747892877411E9">
    <skipped/>
  </testcase> <!-- @BeforeMethod Login -->
  <testcase classname="CriticalTestCases.CFOlogin" name="@AfterMethod Close" time="-1.747892877413E9">
    <skipped/>
  </testcase> <!-- @AfterMethod Close -->
  <testcase classname="CriticalTestCases.CFOlogin" name="@BeforeMethod Login" time="-1.747892877414E9">
    <skipped/>
  </testcase> <!-- @BeforeMethod Login -->
  <testcase classname="CriticalTestCases.CFOlogin" name="@AfterMethod Close" time="-1.747892877417E9">
    <skipped/>
  </testcase> <!-- @AfterMethod Close -->
  <testcase classname="CriticalTestCases.CFOlogin" name="@BeforeMethod Login" time="-1.747892877418E9">
    <skipped/>
  </testcase> <!-- @BeforeMethod Login -->
  <testcase classname="CriticalTestCases.CFOlogin" name="@AfterMethod Close" time="-1.747892877421E9">
    <skipped/>
  </testcase> <!-- @AfterMethod Close -->
  <testcase classname="CriticalTestCases.CFOlogin" name="@BeforeMethod Login" time="-1.747892877422E9">
    <skipped/>
  </testcase> <!-- @BeforeMethod Login -->
  <testcase classname="CriticalTestCases.CFOlogin" name="@AfterMethod Close" time="-1.747892877425E9">
    <skipped/>
  </testcase> <!-- @AfterMethod Close -->
  <testcase classname="CriticalTestCases.CFOlogin" name="@BeforeMethod Login" time="-1.747892877425E9">
    <skipped/>
  </testcase> <!-- @BeforeMethod Login -->
  <testcase classname="CriticalTestCases.CFOlogin" name="@AfterMethod Close" time="-1.747892877428E9">
    <skipped/>
  </testcase> <!-- @AfterMethod Close -->
  <testcase classname="CriticalTestCases.CFOlogin" name="@BeforeMethod Login" time="-1.747892877429E9">
    <skipped/>
  </testcase> <!-- @BeforeMethod Login -->
  <testcase classname="CriticalTestCases.CFOlogin" name="@AfterMethod Close" time="-1.747892877432E9">
    <skipped/>
  </testcase> <!-- @AfterMethod Close -->
  <testcase classname="CriticalTestCases.CFOlogin" name="@BeforeMethod Login" time="-1.747892877433E9">
    <skipped/>
  </testcase> <!-- @BeforeMethod Login -->
  <testcase classname="CriticalTestCases.CFOlogin" name="@AfterMethod Close" time="-1.747892877435E9">
    <skipped/>
  </testcase> <!-- @AfterMethod Close -->
  <testcase classname="CriticalTestCases.CFOlogin" name="@BeforeMethod Login" time="-1.747892877436E9">
    <skipped/>
  </testcase> <!-- @BeforeMethod Login -->
  <testcase classname="CriticalTestCases.CFOlogin" name="@AfterMethod Close" time="-1.747892877438E9">
    <skipped/>
  </testcase> <!-- @AfterMethod Close -->
  <testcase classname="CriticalTestCases.CFOlogin" name="@BeforeMethod Login" time="-1.747892877439E9">
    <skipped/>
  </testcase> <!-- @BeforeMethod Login -->
  <testcase classname="CriticalTestCases.CFOlogin" name="@AfterMethod Close" time="-1.747892877442E9">
    <skipped/>
  </testcase> <!-- @AfterMethod Close -->
  <testcase classname="CriticalTestCases.CFOlogin" name="@BeforeMethod Login" time="-1.747892877443E9">
    <skipped/>
  </testcase> <!-- @BeforeMethod Login -->
  <testcase classname="CriticalTestCases.CFOlogin" name="@AfterMethod Close" time="-1.747892877446E9">
    <skipped/>
  </testcase> <!-- @AfterMethod Close -->
  <testcase classname="CriticalTestCases.CFOlogin" name="@BeforeMethod Login" time="-1.747892877447E9">
    <skipped/>
  </testcase> <!-- @BeforeMethod Login -->
  <testcase classname="CriticalTestCases.CFOlogin" name="@AfterMethod Close" time="-1.747892877449E9">
    <skipped/>
  </testcase> <!-- @AfterMethod Close -->
  <testcase classname="CriticalTestCases.CFOlogin" name="@BeforeMethod Login" time="-1.747892877449E9">
    <skipped/>
  </testcase> <!-- @BeforeMethod Login -->
  <testcase classname="CriticalTestCases.CFOlogin" name="@AfterMethod Close" time="-1.747892877452E9">
    <skipped/>
  </testcase> <!-- @AfterMethod Close -->
  <testcase classname="CriticalTestCases.CFOlogin" name="@BeforeMethod Login" time="-1.747892877453E9">
    <skipped/>
  </testcase> <!-- @BeforeMethod Login -->
  <testcase classname="CriticalTestCases.CFOlogin" name="@AfterMethod Close" time="-1.747892877455E9">
    <skipped/>
  </testcase> <!-- @AfterMethod Close -->
  <testcase classname="CriticalTestCases.CFOlogin" name="@BeforeMethod Login" time="-1.747892877456E9">
    <skipped/>
  </testcase> <!-- @BeforeMethod Login -->
  <testcase classname="CriticalTestCases.CFOlogin" name="@AfterMethod Close" time="-1.747892877458E9">
    <skipped/>
  </testcase> <!-- @AfterMethod Close -->
  <testcase classname="CriticalTestCases.CFOlogin" name="@BeforeMethod Login" time="-1.747892877459E9">
    <skipped/>
  </testcase> <!-- @BeforeMethod Login -->
  <testcase classname="CriticalTestCases.CFOlogin" name="@AfterMethod Close" time="-1.747892877461E9">
    <skipped/>
  </testcase> <!-- @AfterMethod Close -->
  <testcase classname="CriticalTestCases.CFOlogin" name="@BeforeMethod Login" time="-1.747892877462E9">
    <skipped/>
  </testcase> <!-- @BeforeMethod Login -->
  <testcase classname="CriticalTestCases.CFOlogin" name="@AfterMethod Close" time="-1.747892877464E9">
    <skipped/>
  </testcase> <!-- @AfterMethod Close -->
  <testcase classname="CriticalTestCases.CFOlogin" name="@BeforeMethod Login" time="-1.747892877464E9">
    <skipped/>
  </testcase> <!-- @BeforeMethod Login -->
  <testcase classname="CriticalTestCases.CFOlogin" name="@AfterMethod Close" time="-1.747892877466E9">
    <skipped/>
  </testcase> <!-- @AfterMethod Close -->
  <testcase classname="CriticalTestCases.CFOlogin" name="@BeforeMethod Login" time="-1.747892877467E9">
    <skipped/>
  </testcase> <!-- @BeforeMethod Login -->
  <testcase classname="CriticalTestCases.CFOlogin" name="@AfterMethod Close" time="-1.747892877469E9">
    <skipped/>
  </testcase> <!-- @AfterMethod Close -->
  <testcase classname="CriticalTestCases.CFOlogin" name="@BeforeMethod Login" time="-1.74789287747E9">
    <skipped/>
  </testcase> <!-- @BeforeMethod Login -->
  <testcase classname="CriticalTestCases.CFOlogin" name="@AfterMethod Close" time="-1.747892877472E9">
    <skipped/>
  </testcase> <!-- @AfterMethod Close -->
  <testcase classname="CriticalTestCases.CFOlogin" name="@BeforeMethod Login" time="-1.747892877472E9">
    <skipped/>
  </testcase> <!-- @BeforeMethod Login -->
  <testcase classname="CriticalTestCases.CFOlogin" name="@AfterMethod Close" time="-1.747892877474E9">
    <skipped/>
  </testcase> <!-- @AfterMethod Close -->
  <testcase classname="CriticalTestCases.CFOlogin" name="@BeforeMethod Login" time="-1.747892877475E9">
    <skipped/>
  </testcase> <!-- @BeforeMethod Login -->
  <testcase classname="CriticalTestCases.CFOlogin" name="@AfterMethod Close" time="-1.747892877478E9">
    <skipped/>
  </testcase> <!-- @AfterMethod Close -->
  <testcase classname="CriticalTestCases.CFOlogin" name="@BeforeMethod Login" time="-1.747892877479E9">
    <skipped/>
  </testcase> <!-- @BeforeMethod Login -->
  <testcase classname="CriticalTestCases.CFOlogin" name="@AfterMethod Close" time="-1.747892877481E9">
    <skipped/>
  </testcase> <!-- @AfterMethod Close -->
  <testcase classname="CriticalTestCases.CFOlogin" name="@BeforeMethod Login" time="-1.747892877482E9">
    <skipped/>
  </testcase> <!-- @BeforeMethod Login -->
  <testcase classname="CriticalTestCases.CFOlogin" name="@AfterMethod Close" time="-1.747892877484E9">
    <skipped/>
  </testcase> <!-- @AfterMethod Close -->
  <testcase classname="CriticalTestCases.CFOlogin" name="@BeforeMethod Login" time="-1.747892877485E9">
    <skipped/>
  </testcase> <!-- @BeforeMethod Login -->
  <testcase classname="CriticalTestCases.CFOlogin" name="@AfterMethod Close" time="-1.747892877487E9">
    <skipped/>
  </testcase> <!-- @AfterMethod Close -->
  <testcase classname="CriticalTestCases.CFOlogin" name="@BeforeMethod Login" time="-1.747892877488E9">
    <skipped/>
  </testcase> <!-- @BeforeMethod Login -->
  <testcase classname="CriticalTestCases.CFOlogin" name="@AfterMethod Close" time="-1.74789287749E9">
    <skipped/>
  </testcase> <!-- @AfterMethod Close -->
  <testcase classname="CriticalTestCases.CFOlogin" name="@BeforeMethod Login" time="-1.747892877491E9">
    <skipped/>
  </testcase> <!-- @BeforeMethod Login -->
  <testcase classname="CriticalTestCases.CFOlogin" name="@AfterMethod Close" time="-1.747892877494E9">
    <skipped/>
  </testcase> <!-- @AfterMethod Close -->
  <testcase classname="CriticalTestCases.CFOlogin" name="@BeforeMethod Login" time="-1.747892877494E9">
    <skipped/>
  </testcase> <!-- @BeforeMethod Login -->
  <testcase classname="CriticalTestCases.CFOlogin" name="@AfterMethod Close" time="-1.747892877496E9">
    <skipped/>
  </testcase> <!-- @AfterMethod Close -->
  <testcase classname="CriticalTestCases.CFOlogin" name="@BeforeMethod Login" time="-1.747892877497E9">
    <skipped/>
  </testcase> <!-- @BeforeMethod Login -->
  <testcase classname="CriticalTestCases.CFOlogin" name="@AfterMethod Close" time="-1.747892877499E9">
    <skipped/>
  </testcase> <!-- @AfterMethod Close -->
  <testcase classname="CriticalTestCases.CFOlogin" name="CaseOpen" time="0.0">
    <skipped/>
  </testcase> <!-- CaseOpen -->
  <testcase classname="CriticalTestCases.CFOlogin" name="NoticeOpen" time="0.0">
    <skipped/>
  </testcase> <!-- NoticeOpen -->
  <testcase classname="CriticalTestCases.CFOlogin" name="TaskOpen" time="0.0">
    <skipped/>
  </testcase> <!-- TaskOpen -->
  <testcase classname="CriticalTestCases.CFOlogin" name="TaskDelete" time="0.0">
    <skipped/>
  </testcase> <!-- TaskDelete -->
  <testcase classname="CriticalTestCases.CFOlogin" name="NoticeClosed" time="0.0">
    <skipped/>
  </testcase> <!-- NoticeClosed -->
  <testcase classname="CriticalTestCases.CFOlogin" name="CaseClose" time="0.0">
    <skipped/>
  </testcase> <!-- CaseClose -->
  <testcase classname="CriticalTestCases.CFOlogin" name="CloseNotice" time="0.0">
    <skipped/>
  </testcase> <!-- CloseNotice -->
  <testcase classname="CriticalTestCases.CFOlogin" name="CloseCase" time="0.0">
    <skipped/>
  </testcase> <!-- CloseCase -->
  <testcase classname="CriticalTestCases.CFOlogin" name="TaskClosed" time="0.0">
    <skipped/>
  </testcase> <!-- TaskClosed -->
  <testcase classname="CriticalTestCases.CFOlogin" name="ClosedTask" time="0.0">
    <skipped/>
  </testcase> <!-- ClosedTask -->
  <testcase classname="CriticalTestCases.CFOlogin" name="NoticeDocument" time="0.0">
    <skipped/>
  </testcase> <!-- NoticeDocument -->
  <testcase classname="CriticalTestCases.CFOlogin" name="NoticeTaskActivity" time="0.0">
    <skipped/>
  </testcase> <!-- NoticeTaskActivity -->
  <testcase classname="CriticalTestCases.CFOlogin" name="NoticeResponse" time="0.0">
    <skipped/>
  </testcase> <!-- NoticeResponse -->
  <testcase classname="CriticalTestCases.CFOlogin" name="NoticePayment" time="0.0">
    <skipped/>
  </testcase> <!-- NoticePayment -->
  <testcase classname="CriticalTestCases.CFOlogin" name="NoticeExternalLawyer" time="0.0">
    <skipped/>
  </testcase> <!-- NoticeExternalLawyer -->
  <testcase classname="CriticalTestCases.CFOlogin" name="NoticeAuditLog" time="0.0">
    <skipped/>
  </testcase> <!-- NoticeAuditLog -->
  <testcase classname="CriticalTestCases.CFOlogin" name="CaseDocument" time="0.0">
    <skipped/>
  </testcase> <!-- CaseDocument -->
  <testcase classname="CriticalTestCases.CFOlogin" name="CaseTaskActivity" time="0.0">
    <skipped/>
  </testcase> <!-- CaseTaskActivity -->
  <testcase classname="CriticalTestCases.CFOlogin" name="CaseHearingcfo" time="0.0">
    <skipped/>
  </testcase> <!-- CaseHearingcfo -->
  <testcase classname="CriticalTestCases.CFOlogin" name="CaseOrder" time="0.0">
    <skipped/>
  </testcase> <!-- CaseOrder -->
  <testcase classname="CriticalTestCases.CFOlogin" name="CaseStatusPayment" time="0.0">
    <skipped/>
  </testcase> <!-- CaseStatusPayment -->
  <testcase classname="CriticalTestCases.CFOlogin" name="CaseExternalLawyerRating" time="0.0">
    <skipped/>
  </testcase> <!-- CaseExternalLawyerRating -->
  <testcase classname="CriticalTestCases.CFOlogin" name="CaseAuditLog" time="0.0">
    <skipped/>
  </testcase> <!-- CaseAuditLog -->
  <testcase classname="CriticalTestCases.CFOlogin" name="CaseHearing" time="0.0">
    <skipped/>
  </testcase> <!-- CaseHearing -->
  <testcase classname="CriticalTestCases.CFOlogin" name="HearingCalender" time="0.0">
    <skipped/>
  </testcase> <!-- HearingCalender -->
  <testcase classname="CriticalTestCases.CFOlogin" name="CaseNoticeTypeGraph" time="0.0">
    <skipped/>
  </testcase> <!-- CaseNoticeTypeGraph -->
  <testcase classname="CriticalTestCases.CFOlogin" name="CaseNoticeStageGraph" time="0.0">
    <skipped/>
  </testcase> <!-- CaseNoticeStageGraph -->
  <testcase classname="CriticalTestCases.CFOlogin" name="RiskSummaryGraph" time="0.0">
    <skipped/>
  </testcase> <!-- RiskSummaryGraph -->
  <testcase classname="CriticalTestCases.CFOlogin" name="DepartmentSummaryGraph" time="0.0">
    <skipped/>
  </testcase> <!-- DepartmentSummaryGraph -->
  <testcase classname="CriticalTestCases.CFOlogin" name="LocationSummaryGraph" time="0.0">
    <skipped/>
  </testcase> <!-- LocationSummaryGraph -->
  <testcase classname="CriticalTestCases.CFOlogin" name="CategorySummaryGraph" time="0.0">
    <skipped/>
  </testcase> <!-- CategorySummaryGraph -->
  <testcase classname="CriticalTestCases.CFOlogin" name="InwardDefendantAgeingGraph" time="0.0">
    <skipped/>
  </testcase> <!-- InwardDefendantAgeingGraph -->
  <testcase classname="CriticalTestCases.CFOlogin" name="AgeingGraph1to2years" time="0.0">
    <skipped/>
  </testcase> <!-- AgeingGraph1to2years -->
  <testcase classname="CriticalTestCases.CFOlogin" name="AgeingGraph2to3years" time="0.0">
    <skipped/>
  </testcase> <!-- AgeingGraph2to3years -->
  <testcase classname="CriticalTestCases.CFOlogin" name="AgeingGraphMorethan3years" time="0.0">
    <skipped/>
  </testcase> <!-- AgeingGraphMorethan3years -->
  <testcase classname="CriticalTestCases.CFOlogin" name="CaseNoticeTypeGraph1" time="0.0">
    <skipped/>
  </testcase> <!-- CaseNoticeTypeGraph1 -->
  <testcase classname="CriticalTestCases.CFOlogin" name="CaseNoticeStageGraph1" time="0.0">
    <skipped/>
  </testcase> <!-- CaseNoticeStageGraph1 -->
  <testcase classname="CriticalTestCases.CFOlogin" name="RiskSummaryGraph1" time="0.0">
    <skipped/>
  </testcase> <!-- RiskSummaryGraph1 -->
  <testcase classname="CriticalTestCases.CFOlogin" name="DepartmentSummaryGraph1" time="0.0">
    <skipped/>
  </testcase> <!-- DepartmentSummaryGraph1 -->
  <testcase classname="CriticalTestCases.CFOlogin" name="LocationSummaryGraph1" time="0.0">
    <skipped/>
  </testcase> <!-- LocationSummaryGraph1 -->
  <testcase classname="CriticalTestCases.CFOlogin" name="CategorySummaryGraph1" time="0.0">
    <skipped/>
  </testcase> <!-- CategorySummaryGraph1 -->
  <testcase classname="CriticalTestCases.CFOlogin" name="ExpensesCaseGraph" time="0.0">
    <skipped/>
  </testcase> <!-- ExpensesCaseGraph -->
  <testcase classname="CriticalTestCases.CFOlogin" name="ExpensesCategoryWiseCaseGraph" time="0.0">
    <skipped/>
  </testcase> <!-- ExpensesCategoryWiseCaseGraph -->
  <testcase classname="CriticalTestCases.CFOlogin" name="ExpensesCounselWiseCaseGraph" time="0.0">
    <skipped/>
  </testcase> <!-- ExpensesCounselWiseCaseGraph -->
  <testcase classname="CriticalTestCases.CFOlogin" name="UtilizedBudgetGraph" time="0.0">
    <skipped/>
  </testcase> <!-- UtilizedBudgetGraph -->
  <testcase classname="CriticalTestCases.CFOlogin" name="AgeingGraph" time="0.0">
    <skipped/>
  </testcase> <!-- AgeingGraph -->
  <testcase classname="CriticalTestCases.CFOlogin" name="AgeingGraph1to2yearsCase" time="0.0">
    <skipped/>
  </testcase> <!-- AgeingGraph1to2yearsCase -->
  <testcase classname="CriticalTestCases.CFOlogin" name="AgeingGraph2to3yearsCase" time="0.0">
    <skipped/>
  </testcase> <!-- AgeingGraph2to3yearsCase -->
  <testcase classname="CriticalTestCases.CFOlogin" name="AgeingGraphMoreThan3yearsCase" time="0.0">
    <skipped/>
  </testcase> <!-- AgeingGraphMoreThan3yearsCase -->
  <testcase classname="CriticalTestCases.CFOlogin" name="MoreReports" time="0.0">
    <skipped/>
  </testcase> <!-- MoreReports -->
  <testcase classname="CriticalTestCases.CFOlogin" name="MyDocument" time="0.0">
    <skipped/>
  </testcase> <!-- MyDocument -->
  <testcase classname="CriticalTestCases.CFOlogin" name="MyReminder" time="0.0">
    <skipped/>
  </testcase> <!-- MyReminder -->
  <testcase classname="CriticalTestCases.CFOlogin" name="MyReports" time="0.0">
    <skipped/>
  </testcase> <!-- MyReports -->
  <testcase classname="CriticalTestCases.CFOlogin" name="ImportUtility" time="0.0">
    <skipped/>
  </testcase> <!-- ImportUtility -->
  <testcase classname="CriticalTestCases.CFOlogin" name="CaseUpdationImportUtility" time="0.0">
    <skipped/>
  </testcase> <!-- CaseUpdationImportUtility -->
  <testcase classname="CriticalTestCases.CFOlogin" name="NoticeUpdation" time="0.0">
    <skipped/>
  </testcase> <!-- NoticeUpdation -->
  <testcase classname="CriticalTestCases.CFOlogin" name="Masters" time="0.0">
    <skipped/>
  </testcase> <!-- Masters -->
  <testcase classname="CriticalTestCases.CFOlogin" name="Masters1" time="0.0">
    <skipped/>
  </testcase> <!-- Masters1 -->
  <testcase classname="CriticalTestCases.CFOlogin" name="Masters2" time="0.0">
    <skipped/>
  </testcase> <!-- Masters2 -->
  <testcase classname="CriticalTestCases.CFOlogin" name="Masters3" time="0.0">
    <skipped/>
  </testcase> <!-- Masters3 -->
  <testcase classname="CriticalTestCases.CFOlogin" name="Masters4" time="0.0">
    <skipped/>
  </testcase> <!-- Masters4 -->
  <testcase classname="CriticalTestCases.CFOlogin" name="Masters5" time="0.0">
    <skipped/>
  </testcase> <!-- Masters5 -->
  <testcase classname="CriticalTestCases.CFOlogin" name="Masters6" time="0.0">
    <skipped/>
  </testcase> <!-- Masters6 -->
  <testcase classname="CriticalTestCases.CFOlogin" name="Masters7" time="0.0">
    <skipped/>
  </testcase> <!-- Masters7 -->
  <testcase classname="CriticalTestCases.CFOlogin" name="Masters8" time="0.0">
    <skipped/>
  </testcase> <!-- Masters8 -->
  <testcase classname="CriticalTestCases.CFOlogin" name="Masters9" time="0.0">
    <skipped/>
  </testcase> <!-- Masters9 -->
  <testcase classname="CriticalTestCases.CFOlogin" name="Masters10" time="0.0">
    <skipped/>
  </testcase> <!-- Masters10 -->
  <testcase classname="CriticalTestCases.CFOlogin" name="Masters12" time="0.0">
    <skipped/>
  </testcase> <!-- Masters12 -->
  <testcase classname="CriticalTestCases.CFOlogin" name="Masters11" time="0.0">
    <skipped/>
  </testcase> <!-- Masters11 -->
  <testcase classname="CriticalTestCases.CFOlogin" name="Masters13" time="0.0">
    <skipped/>
  </testcase> <!-- Masters13 -->
</testsuite> <!-- Default test -->
